<?xml version="1.0" encoding="UTF-8"?>
<!-- Generated by org.testng.reporters.JUnitReportReporter -->
<testsuite hostname="Ariel-PC" name="tests.SingUpTest" tests="1" failures="0" timestamp="29 Nov 2019 02:51:01 GMT" time="0.017" errors="0">
  <testcase name="f" time="0.017" classname="tests.SingUpTest"/>
</testsuite> <!-- tests.SingUpTest -->
