<?xml version="1.0" encoding="UTF-8"?>
<!-- Generated by org.testng.reporters.JUnitReportReporter -->
<testsuite hostname="Ariel-PC" name="tests.Test1" tests="2" failures="0" timestamp="28 Nov 2019 08:03:15 GMT" time="13.712" errors="0">
  <testcase name="logInSuccessfull" time="7.564" classname="tests.Test1"/>
  <testcase name="TestDetailPage" time="6.148" classname="tests.Test1"/>
</testsuite> <!-- tests.Test1 -->
