<?xml version="1.0" encoding="UTF-8"?>
<!-- Generated by org.testng.reporters.JUnitReportReporter -->
<testsuite hostname="Ariel-PC" name="tests.LoginTest" tests="2" failures="0" timestamp="29 Nov 2019 06:29:15 GMT" time="7.379" errors="0">
  <testcase name="signInFailed" time="3.784" classname="tests.LoginTest"/>
  <testcase name="signInSuccess" time="3.595" classname="tests.LoginTest"/>
</testsuite> <!-- tests.LoginTest -->
