<?xml version="1.0" encoding="UTF-8"?>
<!-- Generated by org.testng.reporters.JUnitReportReporter -->
<testsuite hostname="Ariel-PC" name="tests.DetailTest" tests="1" failures="0" timestamp="29 Nov 2019 06:29:14 GMT" time="0.002" errors="0">
  <testcase name="f" time="0.002" classname="tests.DetailTest"/>
</testsuite> <!-- tests.DetailTest -->
